app/build/intermediates/manifest_merge_blame_file/debug/manifest-merger-blame-debug-report.txt
1<?xml version="1.0" encoding="utf-8"?>
2<manifest xmlns:android="http://schemas.android.com/apk/res/android"
3    package="com.devtides.githubrepos"
4    android:versionCode="1"
5    android:versionName="1.0" >
6
7    <uses-sdk
8        android:minSdkVersion="16"
8-->src\main\AndroidManifest.xml
9        android:targetSdkVersion="29" />
9-->src\main\AndroidManifest.xml
10
11    <uses-permission android:name="android.permission.INTERNET" />
11-->src\main\AndroidManifest.xml:6:5-66
11-->src\main\AndroidManifest.xml:6:22-64
12
13    <application
13-->src\main\AndroidManifest.xml:8:5-35:19
14        android:allowBackup="true"
14-->src\main\AndroidManifest.xml:9:9-35
15        android:appComponentFactory="androidx.core.app.CoreComponentFactory"
15-->[androidx.core:core:1.2.0] AndroidManifest.xml:24:18-86
16        android:configChanges="keyboardHidden|orientation|screenSize"
16-->src\main\AndroidManifest.xml:12:9-70
17        android:debuggable="true"
18        android:icon="@mipmap/ic_launcher"
18-->src\main\AndroidManifest.xml:10:9-43
19        android:label="@string/app_name"
19-->src\main\AndroidManifest.xml:11:9-41
20        android:roundIcon="@mipmap/ic_launcher_round"
20-->src\main\AndroidManifest.xml:14:9-54
21        android:supportsRtl="true"
21-->src\main\AndroidManifest.xml:15:9-35
22        android:testOnly="true"
23        android:theme="@style/AppTheme"
23-->src\main\AndroidManifest.xml:16:9-40
24        android:windowSoftInputMode="adjustResize" >
24-->src\main\AndroidManifest.xml:13:9-51
25        <activity
25-->src\main\AndroidManifest.xml:17:9-34:20
26            android:name="com.devtides.githubrepos.view.MainActivity"
26-->src\main\AndroidManifest.xml:17:19-76
27            android:screenOrientation="portrait" >
27-->src\main\AndroidManifest.xml:18:13-49
28            <intent-filter>
28-->src\main\AndroidManifest.xml:20:13-24:29
29                <action android:name="android.intent.action.MAIN" />
29-->src\main\AndroidManifest.xml:21:17-69
29-->src\main\AndroidManifest.xml:21:25-66
30
31                <category android:name="android.intent.category.LAUNCHER" />
31-->src\main\AndroidManifest.xml:23:17-77
31-->src\main\AndroidManifest.xml:23:27-74
32            </intent-filter>
33            <intent-filter>
33-->src\main\AndroidManifest.xml:25:13-33:29
34                <action android:name="android.intent.action.VIEW" />
34-->src\main\AndroidManifest.xml:26:17-69
34-->src\main\AndroidManifest.xml:26:25-66
35
36                <category android:name="android.intent.category.DEFAULT" />
36-->src\main\AndroidManifest.xml:27:17-75
36-->src\main\AndroidManifest.xml:27:27-73
37                <category android:name="android.intent.category.BROWSABLE" />
37-->src\main\AndroidManifest.xml:28:17-77
37-->src\main\AndroidManifest.xml:28:27-75
38
39                <data
39-->src\main\AndroidManifest.xml:30:17-32:46
40                    android:host="callback"
40-->src\main\AndroidManifest.xml:32:21-44
41                    android:scheme="githubrepos" />
41-->src\main\AndroidManifest.xml:31:21-49
42            </intent-filter>
43        </activity>
44    </application>
45
46</manifest>